xauth: (stdin):2:  unknown command "75874512ca6b52e656736ed0ee7fbac8"


X.Org X Server 1.18.4
Release Date: 2016-07-19
X Protocol Version 11, Revision 0
Build Operating System: Linux 4.4.0-59-generic x86_64 Ubuntu
Current Operating System: Linux max-S400CA 4.8.0-49-generic #52~16.04.1-Ubuntu SMP Thu Apr 20 10:55:59 UTC 2017 x86_64
Kernel command line: BOOT_IMAGE=/boot/vmlinuz-4.8.0-49-generic.efi.signed root=UUID=5f605eb0-f519-4828-abe8-d9417a06b090 ro quiet splash vt.handoff=7
Build Date: 26 January 2017  12:26:18AM
xorg-server 2:1.18.4-1ubuntu6.1~16.04.1 (For technical support please see http://www.ubuntu.com/support) 
Current version of pixman: 0.33.6
	Before reporting problems, check http://wiki.x.org
	to make sure that you have the latest version.
Markers: (--) probed, (**) from config file, (==) default setting,
	(++) from command line, (!!) notice, (II) informational,
	(WW) warning, (EE) error, (NI) not implemented, (??) unknown.
(==) Log file: "/home/max/.local/share/xorg/Xorg.1.log", Time: Fri May  5 22:00:30 2017
(==) Using system config directory "/usr/share/X11/xorg.conf.d"
(EE) 
Fatal server error:
(EE) parse_vt_settings: Cannot open /dev/tty0 (Permission denied)
(EE) 
(EE) 
Please consult the The X.Org Foundation support 
	 at http://wiki.x.org
 for help. 
(EE) Please also check the log file at "/home/max/.local/share/xorg/Xorg.1.log" for additional information.
(EE) 
(EE) Server terminated with error (1). Closing log file.
xinit: giving up
xinit: unable to connect to X server: Connection refused
xinit: server error
Couldn't get a file descriptor referring to the console
